Picked up JAVA_TOOL_OPTIONS: -javaagent:/usr/share/java/jayatanaag.jar 
Jul 06, 2015 5:29:04 AM org.apache.tomcat.util.digester.SetPropertiesRule begin
WARNING: [SetPropertiesRule]{Server/Service/Engine/Host/Context} Setting property 'source' to 'org.eclipse.jst.jee.server:WebShop' did not find a matching property.
Jul 06, 2015 5:29:04 AM org.apache.catalina.startup.VersionLoggerListener log
INFO: Server version:        Apache Tomcat/7.0.62
Jul 06, 2015 5:29:04 AM org.apache.catalina.startup.VersionLoggerListener log
INFO: Server built:          May 7 2015 17:14:55 UTC
Jul 06, 2015 5:29:04 AM org.apache.catalina.startup.VersionLoggerListener log
INFO: Server number:         7.0.62.0
Jul 06, 2015 5:29:04 AM org.apache.catalina.startup.VersionLoggerListener log
INFO: OS Name:               Linux
Jul 06, 2015 5:29:04 AM org.apache.catalina.startup.VersionLoggerListener log
INFO: OS Version:            3.19.0-21-generic
Jul 06, 2015 5:29:04 AM org.apache.catalina.startup.VersionLoggerListener log
INFO: Architecture:          amd64
Jul 06, 2015 5:29:04 AM org.apache.catalina.startup.VersionLoggerListener log
INFO: Java Home:             /usr/lib/jvm/java-7-oracle/jre
Jul 06, 2015 5:29:04 AM org.apache.catalina.startup.VersionLoggerListener log
INFO: JVM Version:           1.7.0_80-b15
Jul 06, 2015 5:29:04 AM org.apache.catalina.startup.VersionLoggerListener log
INFO: JVM Vendor:            Oracle Corporation
Jul 06, 2015 5:29:04 AM org.apache.catalina.startup.VersionLoggerListener log
INFO: CATALINA_BASE:         /home/besermenji/Desktop/WEB PROGRAMIRANJE/PROJEKAT/apache-tomcat-7.0.62
Jul 06, 2015 5:29:04 AM org.apache.catalina.startup.VersionLoggerListener log
INFO: CATALINA_HOME:         /home/besermenji/Desktop/WEB PROGRAMIRANJE/PROJEKAT/apache-tomcat-7.0.62
Jul 06, 2015 5:29:04 AM org.apache.catalina.startup.VersionLoggerListener log
INFO: Command line argument: -javaagent:/usr/share/java/jayatanaag.jar
Jul 06, 2015 5:29:04 AM org.apache.catalina.startup.VersionLoggerListener log
INFO: Command line argument: -Djava.util.logging.config.file=/home/besermenji/Desktop/WEB PROGRAMIRANJE/PROJEKAT/apache-tomcat-7.0.62/conf/logging.properties
Jul 06, 2015 5:29:04 AM org.apache.catalina.startup.VersionLoggerListener log
INFO: Command line argument: -Djava.util.logging.manager=org.apache.juli.ClassLoaderLogManager
Jul 06, 2015 5:29:04 AM org.apache.catalina.startup.VersionLoggerListener log
INFO: Command line argument: -Djava.endorsed.dirs=/home/besermenji/Desktop/WEB PROGRAMIRANJE/PROJEKAT/apache-tomcat-7.0.62/endorsed
Jul 06, 2015 5:29:04 AM org.apache.catalina.startup.VersionLoggerListener log
INFO: Command line argument: -Dcatalina.base=/home/besermenji/Desktop/WEB PROGRAMIRANJE/PROJEKAT/apache-tomcat-7.0.62
Jul 06, 2015 5:29:04 AM org.apache.catalina.startup.VersionLoggerListener log
INFO: Command line argument: -Dcatalina.home=/home/besermenji/Desktop/WEB PROGRAMIRANJE/PROJEKAT/apache-tomcat-7.0.62
Jul 06, 2015 5:29:04 AM org.apache.catalina.startup.VersionLoggerListener log
INFO: Command line argument: -Djava.io.tmpdir=/home/besermenji/Desktop/WEB PROGRAMIRANJE/PROJEKAT/apache-tomcat-7.0.62/temp
Jul 06, 2015 5:29:04 AM org.apache.catalina.core.AprLifecycleListener lifecycleEvent
INFO: The APR based Apache Tomcat Native library which allows optimal performance in production environments was not found on the java.library.path: /usr/java/packages/lib/amd64:/usr/lib64:/lib64:/lib:/usr/lib
Jul 06, 2015 5:29:04 AM org.apache.coyote.AbstractProtocol init
INFO: Initializing ProtocolHandler ["http-bio-8080"]
Jul 06, 2015 5:29:04 AM org.apache.coyote.AbstractProtocol init
SEVERE: Failed to initialize end point associated with ProtocolHandler ["http-bio-8080"]
java.net.BindException: Address already in use <null>:8080
	at org.apache.tomcat.util.net.JIoEndpoint.bind(JIoEndpoint.java:413)
	at org.apache.tomcat.util.net.AbstractEndpoint.init(AbstractEndpoint.java:649)
	at org.apache.coyote.AbstractProtocol.init(AbstractProtocol.java:434)
	at org.apache.coyote.http11.AbstractHttp11JsseProtocol.init(AbstractHttp11JsseProtocol.java:119)
	at org.apache.catalina.connector.Connector.initInternal(Connector.java:978)
	at org.apache.catalina.util.LifecycleBase.init(LifecycleBase.java:102)
	at org.apache.catalina.core.StandardService.initInternal(StandardService.java:559)
	at org.apache.catalina.util.LifecycleBase.init(LifecycleBase.java:102)
	at org.apache.catalina.core.StandardServer.initInternal(StandardServer.java:821)
	at org.apache.catalina.util.LifecycleBase.init(LifecycleBase.java:102)
	at org.apache.catalina.startup.Catalina.load(Catalina.java:638)
	at org.apache.catalina.startup.Catalina.load(Catalina.java:663)
	at sun.reflect.NativeMethodAccessorImpl.invoke0(Native Method)
	at sun.reflect.NativeMethodAccessorImpl.invoke(NativeMethodAccessorImpl.java:57)
	at sun.reflect.DelegatingMethodAccessorImpl.invoke(DelegatingMethodAccessorImpl.java:43)
	at java.lang.reflect.Method.invoke(Method.java:606)
	at org.apache.catalina.startup.Bootstrap.load(Bootstrap.java:280)
	at org.apache.catalina.startup.Bootstrap.main(Bootstrap.java:454)
Caused by: java.net.BindException: Address already in use
	at java.net.PlainSocketImpl.socketBind(Native Method)
	at java.net.AbstractPlainSocketImpl.bind(AbstractPlainSocketImpl.java:376)
	at java.net.ServerSocket.bind(ServerSocket.java:376)
	at java.net.ServerSocket.<init>(ServerSocket.java:237)
	at java.net.ServerSocket.<init>(ServerSocket.java:181)
	at org.apache.tomcat.util.net.DefaultServerSocketFactory.createSocket(DefaultServerSocketFactory.java:49)
	at org.apache.tomcat.util.net.JIoEndpoint.bind(JIoEndpoint.java:400)
	... 17 more

Jul 06, 2015 5:29:04 AM org.apache.catalina.core.StandardService initInternal
SEVERE: Failed to initialize connector [Connector[HTTP/1.1-8080]]
org.apache.catalina.LifecycleException: Failed to initialize component [Connector[HTTP/1.1-8080]]
	at org.apache.catalina.util.LifecycleBase.init(LifecycleBase.java:106)
	at org.apache.catalina.core.StandardService.initInternal(StandardService.java:559)
	at org.apache.catalina.util.LifecycleBase.init(LifecycleBase.java:102)
	at org.apache.catalina.core.StandardServer.initInternal(StandardServer.java:821)
	at org.apache.catalina.util.LifecycleBase.init(LifecycleBase.java:102)
	at org.apache.catalina.startup.Catalina.load(Catalina.java:638)
	at org.apache.catalina.startup.Catalina.load(Catalina.java:663)
	at sun.reflect.NativeMethodAccessorImpl.invoke0(Native Method)
	at sun.reflect.NativeMethodAccessorImpl.invoke(NativeMethodAccessorImpl.java:57)
	at sun.reflect.DelegatingMethodAccessorImpl.invoke(DelegatingMethodAccessorImpl.java:43)
	at java.lang.reflect.Method.invoke(Method.java:606)
	at org.apache.catalina.startup.Bootstrap.load(Bootstrap.java:280)
	at org.apache.catalina.startup.Bootstrap.main(Bootstrap.java:454)
Caused by: org.apache.catalina.LifecycleException: Protocol handler initialization failed
	at org.apache.catalina.connector.Connector.initInternal(Connector.java:980)
	at org.apache.catalina.util.LifecycleBase.init(LifecycleBase.java:102)
	... 12 more
Caused by: java.net.BindException: Address already in use <null>:8080
	at org.apache.tomcat.util.net.JIoEndpoint.bind(JIoEndpoint.java:413)
	at org.apache.tomcat.util.net.AbstractEndpoint.init(AbstractEndpoint.java:649)
	at org.apache.coyote.AbstractProtocol.init(AbstractProtocol.java:434)
	at org.apache.coyote.http11.AbstractHttp11JsseProtocol.init(AbstractHttp11JsseProtocol.java:119)
	at org.apache.catalina.connector.Connector.initInternal(Connector.java:978)
	... 13 more
Caused by: java.net.BindException: Address already in use
	at java.net.PlainSocketImpl.socketBind(Native Method)
	at java.net.AbstractPlainSocketImpl.bind(AbstractPlainSocketImpl.java:376)
	at java.net.ServerSocket.bind(ServerSocket.java:376)
	at java.net.ServerSocket.<init>(ServerSocket.java:237)
	at java.net.ServerSocket.<init>(ServerSocket.java:181)
	at org.apache.tomcat.util.net.DefaultServerSocketFactory.createSocket(DefaultServerSocketFactory.java:49)
	at org.apache.tomcat.util.net.JIoEndpoint.bind(JIoEndpoint.java:400)
	... 17 more

Jul 06, 2015 5:29:04 AM org.apache.coyote.AbstractProtocol init
INFO: Initializing ProtocolHandler ["ajp-bio-8009"]
Jul 06, 2015 5:29:04 AM org.apache.coyote.AbstractProtocol init
SEVERE: Failed to initialize end point associated with ProtocolHandler ["ajp-bio-8009"]
java.net.BindException: Address already in use <null>:8009
	at org.apache.tomcat.util.net.JIoEndpoint.bind(JIoEndpoint.java:413)
	at org.apache.tomcat.util.net.AbstractEndpoint.init(AbstractEndpoint.java:649)
	at org.apache.coyote.AbstractProtocol.init(AbstractProtocol.java:434)
	at org.apache.catalina.connector.Connector.initInternal(Connector.java:978)
	at org.apache.catalina.util.LifecycleBase.init(LifecycleBase.java:102)
	at org.apache.catalina.core.StandardService.initInternal(StandardService.java:559)
	at org.apache.catalina.util.LifecycleBase.init(LifecycleBase.java:102)
	at org.apache.catalina.core.StandardServer.initInternal(StandardServer.java:821)
	at org.apache.catalina.util.LifecycleBase.init(LifecycleBase.java:102)
	at org.apache.catalina.startup.Catalina.load(Catalina.java:638)
	at org.apache.catalina.startup.Catalina.load(Catalina.java:663)
	at sun.reflect.NativeMethodAccessorImpl.invoke0(Native Method)
	at sun.reflect.NativeMethodAccessorImpl.invoke(NativeMethodAccessorImpl.java:57)
	at sun.reflect.DelegatingMethodAccessorImpl.invoke(DelegatingMethodAccessorImpl.java:43)
	at java.lang.reflect.Method.invoke(Method.java:606)
	at org.apache.catalina.startup.Bootstrap.load(Bootstrap.java:280)
	at org.apache.catalina.startup.Bootstrap.main(Bootstrap.java:454)
Caused by: java.net.BindException: Address already in use
	at java.net.PlainSocketImpl.socketBind(Native Method)
	at java.net.AbstractPlainSocketImpl.bind(AbstractPlainSocketImpl.java:376)
	at java.net.ServerSocket.bind(ServerSocket.java:376)
	at java.net.ServerSocket.<init>(ServerSocket.java:237)
	at java.net.ServerSocket.<init>(ServerSocket.java:181)
	at org.apache.tomcat.util.net.DefaultServerSocketFactory.createSocket(DefaultServerSocketFactory.java:49)
	at org.apache.tomcat.util.net.JIoEndpoint.bind(JIoEndpoint.java:400)
	... 16 more

Jul 06, 2015 5:29:04 AM org.apache.catalina.core.StandardService initInternal
SEVERE: Failed to initialize connector [Connector[AJP/1.3-8009]]
org.apache.catalina.LifecycleException: Failed to initialize component [Connector[AJP/1.3-8009]]
	at org.apache.catalina.util.LifecycleBase.init(LifecycleBase.java:106)
	at org.apache.catalina.core.StandardService.initInternal(StandardService.java:559)
	at org.apache.catalina.util.LifecycleBase.init(LifecycleBase.java:102)
	at org.apache.catalina.core.StandardServer.initInternal(StandardServer.java:821)
	at org.apache.catalina.util.LifecycleBase.init(LifecycleBase.java:102)
	at org.apache.catalina.startup.Catalina.load(Catalina.java:638)
	at org.apache.catalina.startup.Catalina.load(Catalina.java:663)
	at sun.reflect.NativeMethodAccessorImpl.invoke0(Native Method)
	at sun.reflect.NativeMethodAccessorImpl.invoke(NativeMethodAccessorImpl.java:57)
	at sun.reflect.DelegatingMethodAccessorImpl.invoke(DelegatingMethodAccessorImpl.java:43)
	at java.lang.reflect.Method.invoke(Method.java:606)
	at org.apache.catalina.startup.Bootstrap.load(Bootstrap.java:280)
	at org.apache.catalina.startup.Bootstrap.main(Bootstrap.java:454)
Caused by: org.apache.catalina.LifecycleException: Protocol handler initialization failed
	at org.apache.catalina.connector.Connector.initInternal(Connector.java:980)
	at org.apache.catalina.util.LifecycleBase.init(LifecycleBase.java:102)
	... 12 more
Caused by: java.net.BindException: Address already in use <null>:8009
	at org.apache.tomcat.util.net.JIoEndpoint.bind(JIoEndpoint.java:413)
	at org.apache.tomcat.util.net.AbstractEndpoint.init(AbstractEndpoint.java:649)
	at org.apache.coyote.AbstractProtocol.init(AbstractProtocol.java:434)
	at org.apache.catalina.connector.Connector.initInternal(Connector.java:978)
	... 13 more
Caused by: java.net.BindException: Address already in use
	at java.net.PlainSocketImpl.socketBind(Native Method)
	at java.net.AbstractPlainSocketImpl.bind(AbstractPlainSocketImpl.java:376)
	at java.net.ServerSocket.bind(ServerSocket.java:376)
	at java.net.ServerSocket.<init>(ServerSocket.java:237)
	at java.net.ServerSocket.<init>(ServerSocket.java:181)
	at org.apache.tomcat.util.net.DefaultServerSocketFactory.createSocket(DefaultServerSocketFactory.java:49)
	at org.apache.tomcat.util.net.JIoEndpoint.bind(JIoEndpoint.java:400)
	... 16 more

Jul 06, 2015 5:29:04 AM org.apache.catalina.startup.Catalina load
INFO: Initialization processed in 1108 ms
Jul 06, 2015 5:29:04 AM org.apache.catalina.core.StandardService startInternal
INFO: Starting service Catalina
Jul 06, 2015 5:29:04 AM org.apache.catalina.core.StandardEngine startInternal
INFO: Starting Servlet Engine: Apache Tomcat/7.0.62
Jul 06, 2015 5:29:06 AM org.apache.catalina.startup.TaglibUriRule body
INFO: TLD skipped. URI: http://java.sun.com/jstl/core_rt is already defined
Jul 06, 2015 5:29:06 AM org.apache.catalina.startup.TaglibUriRule body
INFO: TLD skipped. URI: http://java.sun.com/jsp/jstl/core is already defined
Jul 06, 2015 5:29:06 AM org.apache.catalina.startup.TaglibUriRule body
INFO: TLD skipped. URI: http://java.sun.com/jstl/fmt_rt is already defined
Jul 06, 2015 5:29:06 AM org.apache.catalina.startup.TaglibUriRule body
INFO: TLD skipped. URI: http://java.sun.com/jsp/jstl/fmt is already defined
Jul 06, 2015 5:29:06 AM org.apache.catalina.startup.TaglibUriRule body
INFO: TLD skipped. URI: http://java.sun.com/jsp/jstl/functions is already defined
Jul 06, 2015 5:29:06 AM org.apache.catalina.startup.TaglibUriRule body
INFO: TLD skipped. URI: http://jakarta.apache.org/taglibs/standard/permittedTaglibs is already defined
Jul 06, 2015 5:29:06 AM org.apache.catalina.startup.TaglibUriRule body
INFO: TLD skipped. URI: http://jakarta.apache.org/taglibs/standard/scriptfree is already defined
Jul 06, 2015 5:29:06 AM org.apache.catalina.startup.TaglibUriRule body
INFO: TLD skipped. URI: http://java.sun.com/jstl/sql_rt is already defined
Jul 06, 2015 5:29:06 AM org.apache.catalina.startup.TaglibUriRule body
INFO: TLD skipped. URI: http://java.sun.com/jsp/jstl/sql is already defined
Jul 06, 2015 5:29:06 AM org.apache.catalina.startup.TaglibUriRule body
INFO: TLD skipped. URI: http://java.sun.com/jstl/xml_rt is already defined
Jul 06, 2015 5:29:06 AM org.apache.catalina.startup.TaglibUriRule body
INFO: TLD skipped. URI: http://java.sun.com/jsp/jstl/xml is already defined
Jul 06, 2015 5:29:06 AM org.apache.catalina.startup.TldConfig execute
INFO: At least one JAR was scanned for TLDs yet contained no TLDs. Enable debug logging for this logger for a complete list of JARs that were scanned but no TLDs were found in them. Skipping unneeded JARs during scanning can improve startup time and JSP compilation time.
Jul 06, 2015 5:29:06 AM org.apache.catalina.startup.HostConfig deployDirectory
INFO: Deploying web application directory /home/besermenji/Desktop/WEB PROGRAMIRANJE/PROJEKAT/apache-tomcat-7.0.62/webapps/examples
Jul 06, 2015 5:29:06 AM org.apache.catalina.startup.TldConfig execute
INFO: At least one JAR was scanned for TLDs yet contained no TLDs. Enable debug logging for this logger for a complete list of JARs that were scanned but no TLDs were found in them. Skipping unneeded JARs during scanning can improve startup time and JSP compilation time.
Jul 06, 2015 5:29:06 AM org.apache.catalina.startup.HostConfig deployDirectory
INFO: Deployment of web application directory /home/besermenji/Desktop/WEB PROGRAMIRANJE/PROJEKAT/apache-tomcat-7.0.62/webapps/examples has finished in 359 ms
Jul 06, 2015 5:29:06 AM org.apache.catalina.startup.HostConfig deployDirectory
INFO: Deploying web application directory /home/besermenji/Desktop/WEB PROGRAMIRANJE/PROJEKAT/apache-tomcat-7.0.62/webapps/docs
Jul 06, 2015 5:29:06 AM org.apache.catalina.startup.TldConfig execute
INFO: At least one JAR was scanned for TLDs yet contained no TLDs. Enable debug logging for this logger for a complete list of JARs that were scanned but no TLDs were found in them. Skipping unneeded JARs during scanning can improve startup time and JSP compilation time.
Jul 06, 2015 5:29:06 AM org.apache.catalina.startup.HostConfig deployDirectory
INFO: Deployment of web application directory /home/besermenji/Desktop/WEB PROGRAMIRANJE/PROJEKAT/apache-tomcat-7.0.62/webapps/docs has finished in 74 ms
Jul 06, 2015 5:29:06 AM org.apache.catalina.startup.HostConfig deployDirectory
INFO: Deploying web application directory /home/besermenji/Desktop/WEB PROGRAMIRANJE/PROJEKAT/apache-tomcat-7.0.62/webapps/ROOT
Jul 06, 2015 5:29:06 AM org.apache.catalina.startup.TldConfig execute
INFO: At least one JAR was scanned for TLDs yet contained no TLDs. Enable debug logging for this logger for a complete list of JARs that were scanned but no TLDs were found in them. Skipping unneeded JARs during scanning can improve startup time and JSP compilation time.
Jul 06, 2015 5:29:06 AM org.apache.catalina.startup.HostConfig deployDirectory
INFO: Deployment of web application directory /home/besermenji/Desktop/WEB PROGRAMIRANJE/PROJEKAT/apache-tomcat-7.0.62/webapps/ROOT has finished in 113 ms
Jul 06, 2015 5:29:06 AM org.apache.catalina.startup.HostConfig deployDirectory
INFO: Deploying web application directory /home/besermenji/Desktop/WEB PROGRAMIRANJE/PROJEKAT/apache-tomcat-7.0.62/webapps/host-manager
Jul 06, 2015 5:29:06 AM org.apache.catalina.startup.TldConfig execute
INFO: At least one JAR was scanned for TLDs yet contained no TLDs. Enable debug logging for this logger for a complete list of JARs that were scanned but no TLDs were found in them. Skipping unneeded JARs during scanning can improve startup time and JSP compilation time.
Jul 06, 2015 5:29:06 AM org.apache.catalina.startup.HostConfig deployDirectory
INFO: Deployment of web application directory /home/besermenji/Desktop/WEB PROGRAMIRANJE/PROJEKAT/apache-tomcat-7.0.62/webapps/host-manager has finished in 109 ms
Jul 06, 2015 5:29:06 AM org.apache.catalina.startup.HostConfig deployDirectory
INFO: Deploying web application directory /home/besermenji/Desktop/WEB PROGRAMIRANJE/PROJEKAT/apache-tomcat-7.0.62/webapps/manager
Jul 06, 2015 5:29:07 AM org.apache.catalina.startup.TldConfig execute
INFO: At least one JAR was scanned for TLDs yet contained no TLDs. Enable debug logging for this logger for a complete list of JARs that were scanned but no TLDs were found in them. Skipping unneeded JARs during scanning can improve startup time and JSP compilation time.
Jul 06, 2015 5:29:07 AM org.apache.catalina.startup.HostConfig deployDirectory
INFO: Deployment of web application directory /home/besermenji/Desktop/WEB PROGRAMIRANJE/PROJEKAT/apache-tomcat-7.0.62/webapps/manager has finished in 85 ms
Jul 06, 2015 5:29:07 AM org.apache.catalina.startup.Catalina start
INFO: Server startup in 2337 ms
Jul 06, 2015 5:29:07 AM org.apache.catalina.core.StandardServer await
SEVERE: StandardServer.await: create[localhost:8005]: 
java.net.BindException: Address already in use
	at java.net.PlainSocketImpl.socketBind(Native Method)
	at java.net.AbstractPlainSocketImpl.bind(AbstractPlainSocketImpl.java:376)
	at java.net.ServerSocket.bind(ServerSocket.java:376)
	at java.net.ServerSocket.<init>(ServerSocket.java:237)
	at org.apache.catalina.core.StandardServer.await(StandardServer.java:427)
	at org.apache.catalina.startup.Catalina.await(Catalina.java:777)
	at org.apache.catalina.startup.Catalina.start(Catalina.java:723)
	at sun.reflect.NativeMethodAccessorImpl.invoke0(Native Method)
	at sun.reflect.NativeMethodAccessorImpl.invoke(NativeMethodAccessorImpl.java:57)
	at sun.reflect.DelegatingMethodAccessorImpl.invoke(DelegatingMethodAccessorImpl.java:43)
	at java.lang.reflect.Method.invoke(Method.java:606)
	at org.apache.catalina.startup.Bootstrap.start(Bootstrap.java:321)
	at org.apache.catalina.startup.Bootstrap.main(Bootstrap.java:455)

Jul 06, 2015 5:29:07 AM org.apache.coyote.AbstractProtocol pause
INFO: Pausing ProtocolHandler ["http-bio-8080"]
Jul 06, 2015 5:29:07 AM org.apache.coyote.AbstractProtocol pause
INFO: Pausing ProtocolHandler ["ajp-bio-8009"]
Jul 06, 2015 5:29:07 AM org.apache.catalina.core.StandardService stopInternal
INFO: Stopping service Catalina
Jul 06, 2015 5:29:07 AM org.apache.coyote.AbstractProtocol stop
INFO: Stopping ProtocolHandler ["http-bio-8080"]
Jul 06, 2015 5:29:07 AM org.apache.coyote.AbstractProtocol destroy
INFO: Destroying ProtocolHandler ["http-bio-8080"]
Jul 06, 2015 5:29:07 AM org.apache.coyote.AbstractProtocol stop
INFO: Stopping ProtocolHandler ["ajp-bio-8009"]
Jul 06, 2015 5:29:07 AM org.apache.coyote.AbstractProtocol destroy
INFO: Destroying ProtocolHandler ["ajp-bio-8009"]
Picked up JAVA_TOOL_OPTIONS: -javaagent:/usr/share/java/jayatanaag.jar 
Jul 06, 2015 5:30:54 AM org.apache.tomcat.util.digester.SetPropertiesRule begin
WARNING: [SetPropertiesRule]{Server/Service/Engine/Host/Context} Setting property 'source' to 'org.eclipse.jst.jee.server:WebShop' did not find a matching property.
Jul 06, 2015 5:30:54 AM org.apache.catalina.startup.VersionLoggerListener log
INFO: Server version:        Apache Tomcat/7.0.62
Jul 06, 2015 5:30:54 AM org.apache.catalina.startup.VersionLoggerListener log
INFO: Server built:          May 7 2015 17:14:55 UTC
Jul 06, 2015 5:30:54 AM org.apache.catalina.startup.VersionLoggerListener log
INFO: Server number:         7.0.62.0
Jul 06, 2015 5:30:54 AM org.apache.catalina.startup.VersionLoggerListener log
INFO: OS Name:               Linux
Jul 06, 2015 5:30:54 AM org.apache.catalina.startup.VersionLoggerListener log
INFO: OS Version:            3.19.0-21-generic
Jul 06, 2015 5:30:54 AM org.apache.catalina.startup.VersionLoggerListener log
INFO: Architecture:          amd64
Jul 06, 2015 5:30:54 AM org.apache.catalina.startup.VersionLoggerListener log
INFO: Java Home:             /usr/lib/jvm/java-7-oracle/jre
Jul 06, 2015 5:30:54 AM org.apache.catalina.startup.VersionLoggerListener log
INFO: JVM Version:           1.7.0_80-b15
Jul 06, 2015 5:30:54 AM org.apache.catalina.startup.VersionLoggerListener log
INFO: JVM Vendor:            Oracle Corporation
Jul 06, 2015 5:30:54 AM org.apache.catalina.startup.VersionLoggerListener log
INFO: CATALINA_BASE:         /home/besermenji/Desktop/WEB PROGRAMIRANJE/PROJEKAT/apache-tomcat-7.0.62
Jul 06, 2015 5:30:54 AM org.apache.catalina.startup.VersionLoggerListener log
INFO: CATALINA_HOME:         /home/besermenji/Desktop/WEB PROGRAMIRANJE/PROJEKAT/apache-tomcat-7.0.62
Jul 06, 2015 5:30:54 AM org.apache.catalina.startup.VersionLoggerListener log
INFO: Command line argument: -javaagent:/usr/share/java/jayatanaag.jar
Jul 06, 2015 5:30:54 AM org.apache.catalina.startup.VersionLoggerListener log
INFO: Command line argument: -Djava.util.logging.config.file=/home/besermenji/Desktop/WEB PROGRAMIRANJE/PROJEKAT/apache-tomcat-7.0.62/conf/logging.properties
Jul 06, 2015 5:30:54 AM org.apache.catalina.startup.VersionLoggerListener log
INFO: Command line argument: -Djava.util.logging.manager=org.apache.juli.ClassLoaderLogManager
Jul 06, 2015 5:30:54 AM org.apache.catalina.startup.VersionLoggerListener log
INFO: Command line argument: -Djava.endorsed.dirs=/home/besermenji/Desktop/WEB PROGRAMIRANJE/PROJEKAT/apache-tomcat-7.0.62/endorsed
Jul 06, 2015 5:30:54 AM org.apache.catalina.startup.VersionLoggerListener log
INFO: Command line argument: -Dcatalina.base=/home/besermenji/Desktop/WEB PROGRAMIRANJE/PROJEKAT/apache-tomcat-7.0.62
Jul 06, 2015 5:30:54 AM org.apache.catalina.startup.VersionLoggerListener log
INFO: Command line argument: -Dcatalina.home=/home/besermenji/Desktop/WEB PROGRAMIRANJE/PROJEKAT/apache-tomcat-7.0.62
Jul 06, 2015 5:30:54 AM org.apache.catalina.startup.VersionLoggerListener log
INFO: Command line argument: -Djava.io.tmpdir=/home/besermenji/Desktop/WEB PROGRAMIRANJE/PROJEKAT/apache-tomcat-7.0.62/temp
Jul 06, 2015 5:30:54 AM org.apache.catalina.core.AprLifecycleListener lifecycleEvent
INFO: The APR based Apache Tomcat Native library which allows optimal performance in production environments was not found on the java.library.path: /usr/java/packages/lib/amd64:/usr/lib64:/lib64:/lib:/usr/lib
Jul 06, 2015 5:30:54 AM org.apache.coyote.AbstractProtocol init
INFO: Initializing ProtocolHandler ["http-bio-8080"]
Jul 06, 2015 5:30:54 AM org.apache.coyote.AbstractProtocol init
INFO: Initializing ProtocolHandler ["ajp-bio-8009"]
Jul 06, 2015 5:30:54 AM org.apache.catalina.startup.Catalina load
INFO: Initialization processed in 984 ms
Jul 06, 2015 5:30:54 AM org.apache.catalina.core.StandardService startInternal
INFO: Starting service Catalina
Jul 06, 2015 5:30:54 AM org.apache.catalina.core.StandardEngine startInternal
INFO: Starting Servlet Engine: Apache Tomcat/7.0.62
Jul 06, 2015 5:30:56 AM org.apache.catalina.startup.TaglibUriRule body
INFO: TLD skipped. URI: http://java.sun.com/jstl/core_rt is already defined
Jul 06, 2015 5:30:56 AM org.apache.catalina.startup.TaglibUriRule body
INFO: TLD skipped. URI: http://java.sun.com/jsp/jstl/core is already defined
Jul 06, 2015 5:30:56 AM org.apache.catalina.startup.TaglibUriRule body
INFO: TLD skipped. URI: http://java.sun.com/jstl/fmt_rt is already defined
Jul 06, 2015 5:30:56 AM org.apache.catalina.startup.TaglibUriRule body
INFO: TLD skipped. URI: http://java.sun.com/jsp/jstl/fmt is already defined
Jul 06, 2015 5:30:56 AM org.apache.catalina.startup.TaglibUriRule body
INFO: TLD skipped. URI: http://java.sun.com/jsp/jstl/functions is already defined
Jul 06, 2015 5:30:56 AM org.apache.catalina.startup.TaglibUriRule body
INFO: TLD skipped. URI: http://jakarta.apache.org/taglibs/standard/permittedTaglibs is already defined
Jul 06, 2015 5:30:56 AM org.apache.catalina.startup.TaglibUriRule body
INFO: TLD skipped. URI: http://jakarta.apache.org/taglibs/standard/scriptfree is already defined
Jul 06, 2015 5:30:56 AM org.apache.catalina.startup.TaglibUriRule body
INFO: TLD skipped. URI: http://java.sun.com/jstl/sql_rt is already defined
Jul 06, 2015 5:30:56 AM org.apache.catalina.startup.TaglibUriRule body
INFO: TLD skipped. URI: http://java.sun.com/jsp/jstl/sql is already defined
Jul 06, 2015 5:30:56 AM org.apache.catalina.startup.TaglibUriRule body
INFO: TLD skipped. URI: http://java.sun.com/jstl/xml_rt is already defined
Jul 06, 2015 5:30:56 AM org.apache.catalina.startup.TaglibUriRule body
INFO: TLD skipped. URI: http://java.sun.com/jsp/jstl/xml is already defined
Jul 06, 2015 5:30:56 AM org.apache.catalina.startup.TldConfig execute
INFO: At least one JAR was scanned for TLDs yet contained no TLDs. Enable debug logging for this logger for a complete list of JARs that were scanned but no TLDs were found in them. Skipping unneeded JARs during scanning can improve startup time and JSP compilation time.
Jul 06, 2015 5:30:56 AM org.apache.catalina.startup.HostConfig deployDirectory
INFO: Deploying web application directory /home/besermenji/Desktop/WEB PROGRAMIRANJE/PROJEKAT/apache-tomcat-7.0.62/webapps/examples
Jul 06, 2015 5:30:56 AM org.apache.catalina.startup.TldConfig execute
INFO: At least one JAR was scanned for TLDs yet contained no TLDs. Enable debug logging for this logger for a complete list of JARs that were scanned but no TLDs were found in them. Skipping unneeded JARs during scanning can improve startup time and JSP compilation time.
Jul 06, 2015 5:30:56 AM org.apache.catalina.startup.HostConfig deployDirectory
INFO: Deployment of web application directory /home/besermenji/Desktop/WEB PROGRAMIRANJE/PROJEKAT/apache-tomcat-7.0.62/webapps/examples has finished in 305 ms
Jul 06, 2015 5:30:56 AM org.apache.catalina.startup.HostConfig deployDirectory
INFO: Deploying web application directory /home/besermenji/Desktop/WEB PROGRAMIRANJE/PROJEKAT/apache-tomcat-7.0.62/webapps/docs
Jul 06, 2015 5:30:56 AM org.apache.catalina.startup.TldConfig execute
INFO: At least one JAR was scanned for TLDs yet contained no TLDs. Enable debug logging for this logger for a complete list of JARs that were scanned but no TLDs were found in them. Skipping unneeded JARs during scanning can improve startup time and JSP compilation time.
Jul 06, 2015 5:30:56 AM org.apache.catalina.startup.HostConfig deployDirectory
INFO: Deployment of web application directory /home/besermenji/Desktop/WEB PROGRAMIRANJE/PROJEKAT/apache-tomcat-7.0.62/webapps/docs has finished in 88 ms
Jul 06, 2015 5:30:56 AM org.apache.catalina.startup.HostConfig deployDirectory
INFO: Deploying web application directory /home/besermenji/Desktop/WEB PROGRAMIRANJE/PROJEKAT/apache-tomcat-7.0.62/webapps/ROOT
Jul 06, 2015 5:30:56 AM org.apache.catalina.startup.TldConfig execute
INFO: At least one JAR was scanned for TLDs yet contained no TLDs. Enable debug logging for this logger for a complete list of JARs that were scanned but no TLDs were found in them. Skipping unneeded JARs during scanning can improve startup time and JSP compilation time.
Jul 06, 2015 5:30:56 AM org.apache.catalina.startup.HostConfig deployDirectory
INFO: Deployment of web application directory /home/besermenji/Desktop/WEB PROGRAMIRANJE/PROJEKAT/apache-tomcat-7.0.62/webapps/ROOT has finished in 143 ms
Jul 06, 2015 5:30:56 AM org.apache.catalina.startup.HostConfig deployDirectory
INFO: Deploying web application directory /home/besermenji/Desktop/WEB PROGRAMIRANJE/PROJEKAT/apache-tomcat-7.0.62/webapps/host-manager
Jul 06, 2015 5:30:56 AM org.apache.catalina.startup.TldConfig execute
INFO: At least one JAR was scanned for TLDs yet contained no TLDs. Enable debug logging for this logger for a complete list of JARs that were scanned but no TLDs were found in them. Skipping unneeded JARs during scanning can improve startup time and JSP compilation time.
Jul 06, 2015 5:30:56 AM org.apache.catalina.startup.HostConfig deployDirectory
INFO: Deployment of web application directory /home/besermenji/Desktop/WEB PROGRAMIRANJE/PROJEKAT/apache-tomcat-7.0.62/webapps/host-manager has finished in 79 ms
Jul 06, 2015 5:30:56 AM org.apache.catalina.startup.HostConfig deployDirectory
INFO: Deploying web application directory /home/besermenji/Desktop/WEB PROGRAMIRANJE/PROJEKAT/apache-tomcat-7.0.62/webapps/manager
Jul 06, 2015 5:30:57 AM org.apache.catalina.startup.TldConfig execute
INFO: At least one JAR was scanned for TLDs yet contained no TLDs. Enable debug logging for this logger for a complete list of JARs that were scanned but no TLDs were found in them. Skipping unneeded JARs during scanning can improve startup time and JSP compilation time.
Jul 06, 2015 5:30:57 AM org.apache.catalina.startup.HostConfig deployDirectory
INFO: Deployment of web application directory /home/besermenji/Desktop/WEB PROGRAMIRANJE/PROJEKAT/apache-tomcat-7.0.62/webapps/manager has finished in 109 ms
Jul 06, 2015 5:30:57 AM org.apache.coyote.AbstractProtocol start
INFO: Starting ProtocolHandler ["http-bio-8080"]
Jul 06, 2015 5:30:57 AM org.apache.coyote.AbstractProtocol start
INFO: Starting ProtocolHandler ["ajp-bio-8009"]
Jul 06, 2015 5:30:57 AM org.apache.catalina.startup.Catalina start
INFO: Server startup in 2389 ms
Jul 06, 2015 5:39:02 AM org.apache.catalina.core.StandardServer await
INFO: A valid shutdown command was received via the shutdown port. Stopping the Server instance.
Jul 06, 2015 5:39:02 AM org.apache.coyote.AbstractProtocol pause
INFO: Pausing ProtocolHandler ["http-bio-8080"]
Jul 06, 2015 5:39:02 AM org.apache.coyote.AbstractProtocol pause
INFO: Pausing ProtocolHandler ["ajp-bio-8009"]
Jul 06, 2015 5:39:02 AM org.apache.catalina.core.StandardService stopInternal
INFO: Stopping service Catalina
Jul 06, 2015 5:39:03 AM org.apache.coyote.AbstractProtocol stop
INFO: Stopping ProtocolHandler ["http-bio-8080"]
Jul 06, 2015 5:39:03 AM org.apache.coyote.AbstractProtocol stop
INFO: Stopping ProtocolHandler ["ajp-bio-8009"]
Jul 06, 2015 5:39:03 AM org.apache.coyote.AbstractProtocol destroy
INFO: Destroying ProtocolHandler ["http-bio-8080"]
Jul 06, 2015 5:39:03 AM org.apache.coyote.AbstractProtocol destroy
INFO: Destroying ProtocolHandler ["ajp-bio-8009"]
