Jul 06, 2015 5:29:06 AM org.apache.catalina.core.ApplicationContext log
INFO: ContextListener: contextInitialized()
Jul 06, 2015 5:29:06 AM org.apache.catalina.core.ApplicationContext log
INFO: SessionListener: contextInitialized()
Jul 06, 2015 5:29:06 AM org.apache.catalina.core.ApplicationContext log
INFO: ContextListener: attributeAdded('org.apache.jasper.compiler.TldLocationsCache', 'org.apache.jasper.compiler.TldLocationsCache@2aea5ca')
Jul 06, 2015 5:29:07 AM org.apache.catalina.core.ApplicationContext log
INFO: SessionListener: contextDestroyed()
Jul 06, 2015 5:29:07 AM org.apache.catalina.core.ApplicationContext log
INFO: ContextListener: contextDestroyed()
Jul 06, 2015 5:30:56 AM org.apache.catalina.core.ApplicationContext log
INFO: ContextListener: contextInitialized()
Jul 06, 2015 5:30:56 AM org.apache.catalina.core.ApplicationContext log
INFO: SessionListener: contextInitialized()
Jul 06, 2015 5:30:56 AM org.apache.catalina.core.ApplicationContext log
INFO: ContextListener: attributeAdded('org.apache.jasper.compiler.TldLocationsCache', 'org.apache.jasper.compiler.TldLocationsCache@1d8c3d92')
Jul 06, 2015 5:39:03 AM org.apache.catalina.core.ApplicationContext log
INFO: SessionListener: contextDestroyed()
Jul 06, 2015 5:39:03 AM org.apache.catalina.core.ApplicationContext log
INFO: ContextListener: contextDestroyed()
